\BOOKMARK [1][-]{section.1}{Introduction}{}% 1
\BOOKMARK [1][-]{section.2}{Background}{}% 2
\BOOKMARK [2][-]{subsection.2.1}{Model setup}{section.2}% 3
\BOOKMARK [2][-]{subsection.2.2}{Attention aggregation}{section.2}% 4
\BOOKMARK [2][-]{subsection.2.3}{Dataset}{section.2}% 5
\BOOKMARK [1][-]{section.3}{Analysing the most ironic tokens}{}% 6
\BOOKMARK [2][-]{subsection.3.1}{Finding the tokens}{section.3}% 7
\BOOKMARK [2][-]{subsection.3.2}{Adding the tokens to non ironic text}{section.3}% 8
\BOOKMARK [1][-]{section.4}{Results}{}% 9
\BOOKMARK [2][-]{subsection.4.1}{Single token}{section.4}% 10
\BOOKMARK [2][-]{subsection.4.2}{Two tokens}{section.4}% 11
\BOOKMARK [1][-]{section.5}{Conclusion}{}% 12
\BOOKMARK [1][-]{section.6}{Figures and tables}{}% 13
\BOOKMARK [2][-]{subsection.6.1}{Figures}{section.6}% 14
\BOOKMARK [2][-]{subsection.6.2}{Tables}{section.6}% 15
\BOOKMARK [3][-]{subsubsection.6.2.1}{Narrow tables}{subsection.6.2}% 16
\BOOKMARK [2][-]{subsection.6.3}{Wide tables}{section.6}% 17
\BOOKMARK [1][-]{section.7}{Math expressions and formulas}{}% 18
\BOOKMARK [1][-]{section.8}{Referencing literature}{}% 19
\BOOKMARK [1][-]{section.9}{Conclusion}{}% 20
